Determining if the pthread_create exist failed with the following output:
Change Dir: /home/lh/Moveit_control/object_detection/build/CMakeFiles/CMakeTmp

Run Build Command:/usr/bin/make "cmTryCompileExec339294278/fast"
/usr/bin/make -f CMakeFiles/cmTryCompileExec339294278.dir/build.make CMakeFiles/cmTryCompileExec339294278.dir/build
make[1]: 正在进入目录 `/home/lh/Moveit_control/object_detection/build/CMakeFiles/CMakeTmp'
/usr/bin/cmake -E cmake_progress_report /home/lh/Moveit_control/object_detection/build/CMakeFiles/CMakeTmp/CMakeFiles 1
Building C object CMakeFiles/cmTryCompileExec339294278.dir/CheckSymbolExists.c.o
/usr/bin/cc    -o CMakeFiles/cmTryCompileExec339294278.dir/CheckSymbolExists.c.o   -c /home/lh/Moveit_control/object_detection/build/CMakeFiles/CMakeTmp/CheckSymbolExists.c
Linking C executable cmTryCompileExec339294278
/usr/bin/cmake -E cmake_link_script CMakeFiles/cmTryCompileExec339294278.dir/link.txt --verbose=1
/usr/bin/cc       CMakeFiles/cmTryCompileExec339294278.dir/CheckSymbolExists.c.o  -o cmTryCompileExec339294278 -rdynamic 
CMakeFiles/cmTryCompileExec339294278.dir/CheckSymbolExists.c.o：在函数‘main’中：
CheckSymbolExists.c:(.text+0x16)：对‘pthread_create’未定义的引用
collect2: error: ld returned 1 exit status
make[1]: *** [cmTryCompileExec339294278] 错误 1
make[1]:正在离开目录 `/home/lh/Moveit_control/object_detection/build/CMakeFiles/CMakeTmp'
make: *** [cmTryCompileExec339294278/fast] 错误 2

File /home/lh/Moveit_control/object_detection/build/CMakeFiles/CMakeTmp/CheckSymbolExists.c:
/* */
#include <pthread.h>

int main(int argc, char** argv)
{
  (void)argv;
#ifndef pthread_create
  return ((int*)(&pthread_create))[argc];
#else
  (void)argc;
  return 0;
#endif
}

Determining if the function pthread_create exists in the pthreads failed with the following output:
Change Dir: /home/lh/Moveit_control/object_detection/build/CMakeFiles/CMakeTmp

Run Build Command:/usr/bin/make "cmTryCompileExec18798900/fast"
/usr/bin/make -f CMakeFiles/cmTryCompileExec18798900.dir/build.make CMakeFiles/cmTryCompileExec18798900.dir/build
make[1]: 正在进入目录 `/home/lh/Moveit_control/object_detection/build/CMakeFiles/CMakeTmp'
/usr/bin/cmake -E cmake_progress_report /home/lh/Moveit_control/object_detection/build/CMakeFiles/CMakeTmp/CMakeFiles 1
Building C object CMakeFiles/cmTryCompileExec18798900.dir/CheckFunctionExists.c.o
/usr/bin/cc   -DCHECK_FUNCTION_EXISTS=pthread_create   -o CMakeFiles/cmTryCompileExec18798900.dir/CheckFunctionExists.c.o   -c /usr/share/cmake-2.8/Modules/CheckFunctionExists.c
Linking C executable cmTryCompileExec18798900
/usr/bin/cmake -E cmake_link_script CMakeFiles/cmTryCompileExec18798900.dir/link.txt --verbose=1
/usr/bin/cc   -DCHECK_FUNCTION_EXISTS=pthread_create    CMakeFiles/cmTryCompileExec18798900.dir/CheckFunctionExists.c.o  -o cmTryCompileExec18798900 -rdynamic -lpthreads 
/usr/bin/ld: 找不到 -lpthreads
collect2: error: ld returned 1 exit status
make[1]: *** [cmTryCompileExec18798900] 错误 1
make[1]:正在离开目录 `/home/lh/Moveit_control/object_detection/build/CMakeFiles/CMakeTmp'
make: *** [cmTryCompileExec18798900/fast] 错误 2


